<?xml version="1.0" encoding="UTF-8"?>
<testng-results skipped="0" failed="0" ignored="0" total="4" passed="4">
  <reporter-output>
  </reporter-output>
  <suite name="Suite" duration-ms="82" started-at="2021-12-03T16:12:35 IST" finished-at="2021-12-03T16:12:35 IST">
    <groups>
    </groups>
    <test name="Test" duration-ms="82" started-at="2021-12-03T16:12:35 IST" finished-at="2021-12-03T16:12:35 IST">
      <class name="qaclickacademy.AppiumTest">
        <test-method status="PASS" signature="IOSApps()[pri:0, instance:qaclickacademy.AppiumTest@57e1b0c]" name="IOSApps" duration-ms="6" started-at="2021-12-03T16:12:35 IST" finished-at="2021-12-03T16:12:35 IST">
          <reporter-output>
          </reporter-output>
        </test-method> <!-- IOSApps -->
        <test-method status="PASS" signature="NativeAppAndroid()[pri:0, instance:qaclickacademy.AppiumTest@57e1b0c]" name="NativeAppAndroid" duration-ms="1" started-at="2021-12-03T16:12:35 IST" finished-at="2021-12-03T16:12:35 IST">
          <reporter-output>
          </reporter-output>
        </test-method> <!-- NativeAppAndroid -->
      </class> <!-- qaclickacademy.AppiumTest -->
      <class name="qaclickacademy.SeleniumTest">
        <test-method status="PASS" signature="browserAutomation()[pri:0, instance:qaclickacademy.SeleniumTest@33c7e1bb]" name="browserAutomation" duration-ms="1" started-at="2021-12-03T16:12:35 IST" finished-at="2021-12-03T16:12:35 IST">
          <reporter-output>
          </reporter-output>
        </test-method> <!-- browserAutomation -->
        <test-method status="PASS" signature="elementsUi()[pri:0, instance:qaclickacademy.SeleniumTest@33c7e1bb]" name="elementsUi" duration-ms="0" started-at="2021-12-03T16:12:35 IST" finished-at="2021-12-03T16:12:35 IST">
          <reporter-output>
          </reporter-output>
        </test-method> <!-- elementsUi -->
      </class> <!-- qaclickacademy.SeleniumTest -->
    </test> <!-- Test -->
  </suite> <!-- Suite -->
</testng-results>
